<?xml version="1.0" encoding="UTF-8"?>
<!-- Generated by org.testng.reporters.JUnitXMLReporter -->
<testsuite ignored="0" hostname="DESKTOP-PR9H2AM" failures="0" tests="5" name="Default test" time="11.763" errors="0" timestamp="19 May 2024 09:12:06 GMT">
  <testcase classname="com.qa.opencart.tests.HomePageTest" name="homePageTitleTest" time="0.023"/>
  <testcase classname="com.qa.opencart.tests.HomePageTest" name="homePageURLTest" time="0.001"/>
  <testcase classname="com.qa.opencart.tests.HomePageTest" name="searchTest" time="0.348"/>
  <testcase classname="com.qa.opencart.tests.HomePageTest" name="searchTest" time="0.559"/>
  <testcase classname="com.qa.opencart.tests.HomePageTest" name="searchTest" time="0.922"/>
</testsuite> <!-- Default test -->
