<?xml version="1.0" encoding="UTF-8"?>
<!-- Generated by org.testng.reporters.JUnitXMLReporter -->
<testsuite ignored="0" hostname="DESKTOP-PR9H2AM" failures="0" tests="5" name="Open Cart Home Page Test" time="10.561" errors="0" timestamp="11 Jul 2024 07:26:27 GMT">
  <testcase classname="com.qa.opencart.tests.HomePageTest" name="homePageTitleTest" time="0.037"/>
  <testcase classname="com.qa.opencart.tests.HomePageTest" name="homePageURLTest" time="0.002"/>
  <testcase classname="com.qa.opencart.tests.HomePageTest" name="searchTest" time="0.607"/>
  <testcase classname="com.qa.opencart.tests.HomePageTest" name="searchTest" time="0.408"/>
  <testcase classname="com.qa.opencart.tests.HomePageTest" name="searchTest" time="0.427"/>
</testsuite> <!-- Open Cart Home Page Test -->
