<?xml version="1.0" encoding="UTF-8"?>
<testng-results ignored="0" total="8" passed="8" failed="0" skipped="0">
  <reporter-output>
  </reporter-output>
  <suite started-at="2024-07-11T08:22:01Z" name="Open Cart Test Regression PW Suite" finished-at="2024-07-11T08:22:11Z" duration-ms="9564">
    <groups>
    </groups>
    <test started-at="2024-07-11T08:22:01Z" name="Open Cart Login Page Test" finished-at="2024-07-11T08:22:11Z" duration-ms="9205">
      <class name="com.qa.opencart.tests.LoginPageTest">
        <test-method is-config="true" signature="setup()[pri:0, instance:com.qa.opencart.tests.LoginPageTest@56de5251]" started-at="2024-07-11T08:22:01Z" name="setup" finished-at="2024-07-11T08:22:09Z" duration-ms="7609" status="PASS">
          <reporter-output>
          </reporter-output>
        </test-method> <!-- setup -->
        <test-method signature="loginPageNavigationTest()[pri:1, instance:com.qa.opencart.tests.LoginPageTest@56de5251]" started-at="2024-07-11T08:22:09Z" name="loginPageNavigationTest" finished-at="2024-07-11T08:22:10Z" duration-ms="646" status="PASS">
          <reporter-output>
          </reporter-output>
        </test-method> <!-- loginPageNavigationTest -->
        <test-method signature="forgotPwdLinkExistTest()[pri:2, instance:com.qa.opencart.tests.LoginPageTest@56de5251]" started-at="2024-07-11T08:22:10Z" name="forgotPwdLinkExistTest" finished-at="2024-07-11T08:22:10Z" duration-ms="34" status="PASS">
          <reporter-output>
          </reporter-output>
        </test-method> <!-- forgotPwdLinkExistTest -->
        <test-method signature="appLoginTest()[pri:3, instance:com.qa.opencart.tests.LoginPageTest@56de5251]" started-at="2024-07-11T08:22:10Z" name="appLoginTest" finished-at="2024-07-11T08:22:10Z" duration-ms="486" status="PASS">
          <reporter-output>
          </reporter-output>
        </test-method> <!-- appLoginTest -->
        <test-method is-config="true" signature="tearDown()[pri:0, instance:com.qa.opencart.tests.LoginPageTest@56de5251]" started-at="2024-07-11T08:22:10Z" name="tearDown" finished-at="2024-07-11T08:22:11Z" duration-ms="397" status="PASS">
          <reporter-output>
          </reporter-output>
        </test-method> <!-- tearDown -->
      </class> <!-- com.qa.opencart.tests.LoginPageTest -->
    </test> <!-- Open Cart Login Page Test -->
    <test started-at="2024-07-11T08:22:01Z" name="Open Cart Home Page Test" finished-at="2024-07-11T08:22:11Z" duration-ms="9564">
      <class name="com.qa.opencart.tests.HomePageTest">
        <test-method is-config="true" signature="setup()[pri:0, instance:com.qa.opencart.tests.HomePageTest@222114ba]" started-at="2024-07-11T08:22:01Z" name="setup" finished-at="2024-07-11T08:22:09Z" duration-ms="7675" status="PASS">
          <reporter-output>
          </reporter-output>
        </test-method> <!-- setup -->
        <test-method signature="homePageTitleTest()[pri:0, instance:com.qa.opencart.tests.HomePageTest@222114ba]" started-at="2024-07-11T08:22:09Z" name="homePageTitleTest" finished-at="2024-07-11T08:22:09Z" duration-ms="17" status="PASS">
          <reporter-output>
          </reporter-output>
        </test-method> <!-- homePageTitleTest -->
        <test-method signature="homePageURLTest()[pri:0, instance:com.qa.opencart.tests.HomePageTest@222114ba]" started-at="2024-07-11T08:22:09Z" name="homePageURLTest" finished-at="2024-07-11T08:22:09Z" duration-ms="2" status="PASS">
          <reporter-output>
          </reporter-output>
        </test-method> <!-- homePageURLTest -->
        <test-method signature="searchTest(java.lang.String)[pri:0, instance:com.qa.opencart.tests.HomePageTest@222114ba]" started-at="2024-07-11T08:22:09Z" name="searchTest" data-provider="getProductData" finished-at="2024-07-11T08:22:10Z" duration-ms="639" status="PASS">
          <params>
            <param index="0">
              <value>
                <![CDATA[Macbook]]>
              </value>
            </param>
          </params>
          <reporter-output>
          </reporter-output>
        </test-method> <!-- searchTest -->
        <test-method signature="searchTest(java.lang.String)[pri:0, instance:com.qa.opencart.tests.HomePageTest@222114ba]" started-at="2024-07-11T08:22:10Z" name="searchTest" data-provider="getProductData" finished-at="2024-07-11T08:22:10Z" duration-ms="485" status="PASS">
          <params>
            <param index="0">
              <value>
                <![CDATA[iMac]]>
              </value>
            </param>
          </params>
          <reporter-output>
          </reporter-output>
        </test-method> <!-- searchTest -->
        <test-method signature="searchTest(java.lang.String)[pri:0, instance:com.qa.opencart.tests.HomePageTest@222114ba]" started-at="2024-07-11T08:22:10Z" name="searchTest" data-provider="getProductData" finished-at="2024-07-11T08:22:11Z" duration-ms="405" status="PASS">
          <params>
            <param index="0">
              <value>
                <![CDATA[Samsung]]>
              </value>
            </param>
          </params>
          <reporter-output>
          </reporter-output>
        </test-method> <!-- searchTest -->
        <test-method is-config="true" signature="tearDown()[pri:0, instance:com.qa.opencart.tests.HomePageTest@222114ba]" started-at="2024-07-11T08:22:11Z" name="tearDown" finished-at="2024-07-11T08:22:11Z" duration-ms="319" status="PASS">
          <reporter-output>
          </reporter-output>
        </test-method> <!-- tearDown -->
      </class> <!-- com.qa.opencart.tests.HomePageTest -->
    </test> <!-- Open Cart Home Page Test -->
  </suite> <!-- Open Cart Test Regression PW Suite -->
</testng-results>
